Loading 280 videos...
Traceback (most recent call last):
  File "C:\Users\Kunwar Aditya Singh\AppData\Local\Programs\Python\Python311\Lib\site-packages\pandas\core\indexes\base.py", line 3812, in get_loc
    return self._engine.get_loc(casted_key)
           ^^^^^^^^^^^^^^^^^^^^^^^^^^^^^^^^
  File "pandas/_libs/index.pyx", line 167, in pandas._libs.index.IndexEngine.get_loc
  File "pandas/_libs/index.pyx", line 196, in pandas._libs.index.IndexEngine.get_loc
  File "pandas/_libs/hashtable_class_helper.pxi", line 7088, in pandas._libs.hashtable.PyObjectHashTable.get_item
  File "pandas/_libs/hashtable_class_helper.pxi", line 7096, in pandas._libs.hashtable.PyObjectHashTable.get_item
KeyError: 'Video_Name'

The above exception was the direct cause of the following exception:

Traceback (most recent call last):
  File "C:\Users\Kunwar Aditya Singh\OneDrive\Desktop\Video detection\train.py", line 26, in <module>
    train_loader, val_loader = dataset.get_data_loaders()
                               ^^^^^^^^^^^^^^^^^^^^^^^^^^
  File "C:\Users\Kunwar Aditya Singh\OneDrive\Desktop\Video detection\dataset.py", line 76, in get_data_loaders
    path = find_video_path(row['Video_Name'])
                           ~~~^^^^^^^^^^^^^^
  File "C:\Users\Kunwar Aditya Singh\AppData\Local\Programs\Python\Python311\Lib\site-packages\pandas\core\series.py", line 1133, in __getitem__
    return self._get_value(key)
           ^^^^^^^^^^^^^^^^^^^^
  File "C:\Users\Kunwar Aditya Singh\AppData\Local\Programs\Python\Python311\Lib\site-packages\pandas\core\series.py", line 1249, in _get_value
    loc = self.index.get_loc(label)
          ^^^^^^^^^^^^^^^^^^^^^^^^^
  File "C:\Users\Kunwar Aditya Singh\AppData\Local\Programs\Python\Python311\Lib\site-packages\pandas\core\indexes\base.py", line 3819, in get_loc
    raise KeyError(key) from err
KeyError: 'Video_Name'
